#
# There is insufficient memory for the Java Runtime Environment to continue.
# Native memory allocation (mmap) failed to map 58195968 bytes for committing reserved memory.
# Possible reasons:
#   The system is out of physical RAM or swap space
#   In 32 bit mode, the process size limit was hit
# Possible solutions:
#   Reduce memory load on the system
#   Increase physical memory or swap space
#   Check if swap backing store is full
#   Use 64 bit Java on a 64 bit OS
#   Decrease Java heap size (-Xmx/-Xms)
#   Decrease number of Java threads
#   Decrease Java thread stack sizes (-Xss)
#   Set larger code cache with -XX:ReservedCodeCacheSize=
# This output file may be truncated or incomplete.
#
#  Out of Memory Error (os_linux.cpp:2640), pid=23288, tid=0x00007f236fcfc700
#
# JRE version: Java(TM) SE Runtime Environment (8.0_181-b13) (build 1.8.0_181-b13)
# Java VM: Java HotSpot(TM) 64-Bit Server VM (25.181-b13 mixed mode linux-amd64 compressed oops)
# Failed to write core dump. Core dumps have been disabled. To enable core dumping, try "ulimit -c unlimited" before starting Java again
#

---------------  T H R E A D  ---------------

Current thread (0x00007f2388143000):  VMThread [stack: 0x00007f236fbfd000,0x00007f236fcfd000] [id=23301]

Stack: [0x00007f236fbfd000,0x00007f236fcfd000],  sp=0x00007f236fcfb0c0,  free space=1016k
Native frames: (J=compiled Java code, j=interpreted, Vv=VM code, C=native code)
V  [libjvm.so+0xad21aa]  VMError::report_and_die()+0x2ba
V  [libjvm.so+0x5022db]  report_vm_out_of_memory(char const*, int, unsigned long, VMErrorType, char const*)+0x8b
V  [libjvm.so+0x92fe33]  os::Linux::commit_memory_impl(char*, unsigned long, bool)+0x123
V  [libjvm.so+0x930059]  os::pd_commit_memory(char*, unsigned long, unsigned long, bool)+0x29
V  [libjvm.so+0x9272ba]  os::commit_memory(char*, unsigned long, unsigned long, bool)+0x2a
V  [libjvm.so+0x99d2e3]  PSVirtualSpace::expand_by(unsigned long)+0x53
V  [libjvm.so+0x99e6e8]  PSYoungGen::resize_generation(unsigned long, unsigned long)+0xf8
V  [libjvm.so+0x99d842]  PSYoungGen::resize(unsigned long, unsigned long)+0x22
V  [libjvm.so+0x99ab1b]  PSScavenge::invoke_no_policy()+0xf3b
V  [libjvm.so+0x99b2a1]  PSScavenge::invoke()+0x41
V  [libjvm.so+0x951d70]  ParallelScavengeHeap::failed_mem_allocate(unsigned long)+0x70
V  [libjvm.so+0xad3c27]  VM_ParallelGCFailedAllocation::doit()+0x97
V  [libjvm.so+0xadb745]  VM_Operation::evaluate()+0x55
V  [libjvm.so+0xad9b0a]  VMThread::evaluate_operation(VM_Operation*)+0xba
V  [libjvm.so+0xad9e8e]  VMThread::loop()+0x1ce
V  [libjvm.so+0xada300]  VMThread::run()+0x70
V  [libjvm.so+0x930198]  java_start(Thread*)+0x108

VM_Operation (0x00007f238e3ff360): ParallelGCFailedAllocation, mode: safepoint, requested by thread 0x00007f238800e000


---------------  P R O C E S S  ---------------

Java Threads: ( => current thread )
  0x00007f2388748000 JavaThread "pool-1-thread-1" [_thread_blocked, id=23324, stack(0x00007f236d4e7000,0x00007f236d5e8000)]
  0x00007f23881c7000 JavaThread "Service Thread" daemon [_thread_blocked, id=23317, stack(0x00007f236e80e000,0x00007f236e90f000)]
  0x00007f23881bc000 JavaThread "C1 CompilerThread2" daemon [_thread_blocked, id=23316, stack(0x00007f236e910000,0x00007f236ea10000)]
  0x00007f23881b9800 JavaThread "C2 CompilerThread1" daemon [_thread_blocked, id=23315, stack(0x00007f236ea11000,0x00007f236eb11000)]
  0x00007f23881b8000 JavaThread "C2 CompilerThread0" daemon [_thread_blocked, id=23314, stack(0x00007f236ed29000,0x00007f236ee29000)]
  0x00007f23881b6000 JavaThread "Monitor Ctrl-Break" daemon [_thread_in_native, id=23313, stack(0x00007f236ee29000,0x00007f236ef2a000)]
  0x00007f2388183800 JavaThread "Signal Dispatcher" daemon [_thread_blocked, id=23306, stack(0x00007f236ef2a000,0x00007f236f02b000)]
  0x00007f238814f800 JavaThread "Finalizer" daemon [_thread_blocked, id=23303, stack(0x00007f236f9fa000,0x00007f236fafb000)]
  0x00007f238814d000 JavaThread "Reference Handler" daemon [_thread_blocked, id=23302, stack(0x00007f236fafb000,0x00007f236fbfc000)]
  0x00007f238800e000 JavaThread "main" [_thread_blocked, id=23290, stack(0x00007f238e303000,0x00007f238e403000)]

Other Threads:
=>0x00007f2388143000 VMThread [stack: 0x00007f236fbfd000,0x00007f236fcfd000] [id=23301]
  0x00007f23881cc000 WatcherThread [stack: 0x00007f236e70e000,0x00007f236e80e000] [id=23318]

VM state:at safepoint (normal execution)

VM Mutex/Monitor currently owned by a thread:  ([mutex/lock_event])
[0x00007f238800a4f0] Threads_lock - owner thread: 0x00007f2388143000
[0x00007f238800a9f0] Heap_lock - owner thread: 0x00007f238800e000

Heap:
 PSYoungGen      total 70656K, used 6860K [0x00000000ebf00000, 0x00000000f0b00000, 0x0000000100000000)
  eden space 63488K, 0% used [0x00000000ebf00000,0x00000000ebf00000,0x00000000efd00000)
  from space 7168K, 95% used [0x00000000efd00000,0x00000000f03b31b8,0x00000000f0400000)
  to   space 6656K, 0% used [0x00000000f0480000,0x00000000f0480000,0x00000000f0b00000)
 ParOldGen       total 27648K, used 5411K [0x00000000c3c00000, 0x00000000c5700000, 0x00000000ebf00000)
  object space 27648K, 19% used [0x00000000c3c00000,0x00000000c4148cb0,0x00000000c5700000)
 Metaspace       used 25785K, capacity 26496K, committed 26880K, reserved 1073152K
  class space    used 3336K, capacity 3500K, committed 3584K, reserved 1048576K

Card table byte_map: [0x00007f2377bc9000,0x00007f2377dac000] byte_map_base: 0x00007f23775ab000

Marking Bits: (ParMarkBitMap*) 0x00007f238d7a20a0
 Begin Bits: [0x00007f2375863000, 0x00007f2376773000)
 End Bits:   [0x00007f2376773000, 0x00007f2377683000)

Polling page: 0x00007f238e41f000

CodeCache: size=245760Kb used=7954Kb max_used=7954Kb free=237805Kb
 bounds [0x00007f237816c000, 0x00007f237893c000, 0x00007f238716c000]
 total_blobs=3072 nmethods=2613 adapters=371
 compilation: enabled

Compilation events (10 events):
Event: 6,494 Thread 0x00007f23881bc000 nmethod 2608 0x00007f237892de50 code [0x00007f237892dfc0, 0x00007f237892e170]
Event: 6,494 Thread 0x00007f23881bc000 2613       3       org.hibernate.loader.plan.build.internal.AbstractLoadPlanBuildingAssociationVisitationStrategy::pushToStack (47 bytes)
Event: 6,495 Thread 0x00007f23881bc000 nmethod 2613 0x00007f2378931d10 code [0x00007f2378931f80, 0x00007f2378932de8]
Event: 6,495 Thread 0x00007f23881bc000 2611       3       org.hibernate.loader.plan.build.internal.spaces.QuerySpaceHelper::makeEntityQuerySpace (142 bytes)
Event: 6,497 Thread 0x00007f23881bc000 nmethod 2611 0x00007f23789334d0 code [0x00007f2378933860, 0x00007f23789358d8]
Event: 6,497 Thread 0x00007f23881bc000 2614       3       org.hibernate.loader.plan.build.internal.returns.AbstractExpandingFetchSource::addFetch (30 bytes)
Event: 6,498 Thread 0x00007f23881bc000 nmethod 2614 0x00007f23789369d0 code [0x00007f2378936b60, 0x00007f2378936fc8]
Event: 6,498 Thread 0x00007f23881bc000 2616       3       org.hibernate.persister.walking.internal.FetchStrategyHelper::isSubsequentSelectDelayed (71 bytes)
Event: 6,498 Thread 0x00007f23881bc000 nmethod 2616 0x00007f23789371d0 code [0x00007f23789373c0, 0x00007f2378937d88]
Event: 6,498 Thread 0x00007f23881bc000 2615       3       org.hibernate.loader.plan.build.internal.AbstractLoadPlanBuildingAssociationVisitationStrategy::popFromStack (45 bytes)

GC Heap History (10 events):
Event: 2,098 GC heap after
Heap after GC invocations=3 (full 0):
 PSYoungGen      total 18432K, used 2536K [0x00000000ebf00000, 0x00000000ee300000, 0x0000000100000000)
  eden space 15872K, 0% used [0x00000000ebf00000,0x00000000ebf00000,0x00000000ece80000)
  from space 2560K, 99% used [0x00000000ece80000,0x00000000ed0fa1e0,0x00000000ed100000)
  to   space 2560K, 0% used [0x00000000ee080000,0x00000000ee080000,0x00000000ee300000)
 ParOldGen       total 42496K, used 990K [0x00000000c3c00000, 0x00000000c6580000, 0x00000000ebf00000)
  object space 42496K, 2% used [0x00000000c3c00000,0x00000000c3cf7948,0x00000000c6580000)
 Metaspace       used 10670K, capacity 11270K, committed 11520K, reserved 1058816K
  class space    used 1367K, capacity 1507K, committed 1536K, reserved 1048576K
}
Event: 2,865 GC heap before
{Heap before GC invocations=4 (full 0):
 PSYoungGen      total 18432K, used 18408K [0x00000000ebf00000, 0x00000000ee300000, 0x0000000100000000)
  eden space 15872K, 100% used [0x00000000ebf00000,0x00000000ece80000,0x00000000ece80000)
  from space 2560K, 99% used [0x00000000ece80000,0x00000000ed0fa1e0,0x00000000ed100000)
  to   space 2560K, 0% used [0x00000000ee080000,0x00000000ee080000,0x00000000ee300000)
 ParOldGen       total 42496K, used 990K [0x00000000c3c00000, 0x00000000c6580000, 0x00000000ebf00000)
  object space 42496K, 2% used [0x00000000c3c00000,0x00000000c3cf7948,0x00000000c6580000)
 Metaspace       used 14657K, capacity 15260K, committed 15488K, reserved 1062912K
  class space    used 1969K, capacity 2124K, committed 2176K, reserved 1048576K
Event: 2,883 GC heap after
Heap after GC invocations=4 (full 0):
 PSYoungGen      total 34304K, used 2549K [0x00000000ebf00000, 0x00000000ee300000, 0x0000000100000000)
  eden space 31744K, 0% used [0x00000000ebf00000,0x00000000ebf00000,0x00000000ede00000)
  from space 2560K, 99% used [0x00000000ee080000,0x00000000ee2fd408,0x00000000ee300000)
  to   space 2560K, 0% used [0x00000000ede00000,0x00000000ede00000,0x00000000ee080000)
 ParOldGen       total 42496K, used 2174K [0x00000000c3c00000, 0x00000000c6580000, 0x00000000ebf00000)
  object space 42496K, 5% used [0x00000000c3c00000,0x00000000c3e1f9b0,0x00000000c6580000)
 Metaspace       used 14657K, capacity 15260K, committed 15488K, reserved 1062912K
  class space    used 1969K, capacity 2124K, committed 2176K, reserved 1048576K
}
Event: 4,992 GC heap before
{Heap before GC invocations=5 (full 0):
 PSYoungGen      total 34304K, used 34293K [0x00000000ebf00000, 0x00000000ee300000, 0x0000000100000000)
  eden space 31744K, 100% used [0x00000000ebf00000,0x00000000ede00000,0x00000000ede00000)
  from space 2560K, 99% used [0x00000000ee080000,0x00000000ee2fd408,0x00000000ee300000)
  to   space 2560K, 0% used [0x00000000ede00000,0x00000000ede00000,0x00000000ee080000)
 ParOldGen       total 42496K, used 2174K [0x00000000c3c00000, 0x00000000c6580000, 0x00000000ebf00000)
  object space 42496K, 5% used [0x00000000c3c00000,0x00000000c3e1f9b0,0x00000000c6580000)
 Metaspace       used 20313K, capacity 20998K, committed 21248K, reserved 1067008K
  class space    used 2580K, capacity 2749K, committed 2816K, reserved 1048576K
Event: 5,014 GC heap after
Heap after GC invocations=5 (full 0):
 PSYoungGen      total 34304K, used 2549K [0x00000000ebf00000, 0x00000000f0c00000, 0x0000000100000000)
  eden space 31744K, 0% used [0x00000000ebf00000,0x00000000ebf00000,0x00000000ede00000)
  from space 2560K, 99% used [0x00000000ede00000,0x00000000ee07d408,0x00000000ee080000)
  to   space 7680K, 0% used [0x00000000f0480000,0x00000000f0480000,0x00000000f0c00000)
 ParOldGen       total 42496K, used 7302K [0x00000000c3c00000, 0x00000000c6580000, 0x00000000ebf00000)
  object space 42496K, 17% used [0x00000000c3c00000,0x00000000c4321800,0x00000000c6580000)
 Metaspace       used 20313K, capacity 20998K, committed 21248K, reserved 1067008K
  class space    used 2580K, capacity 2749K, committed 2816K, reserved 1048576K
}
Event: 5,045 GC heap before
{Heap before GC invocations=6 (full 0):
 PSYoungGen      total 34304K, used 3900K [0x00000000ebf00000, 0x00000000f0c00000, 0x0000000100000000)
  eden space 31744K, 4% used [0x00000000ebf00000,0x00000000ec051e38,0x00000000ede00000)
  from space 2560K, 99% used [0x00000000ede00000,0x00000000ee07d408,0x00000000ee080000)
  to   space 7680K, 0% used [0x00000000f0480000,0x00000000f0480000,0x00000000f0c00000)
 ParOldGen       total 42496K, used 7302K [0x00000000c3c00000, 0x00000000c6580000, 0x00000000ebf00000)
  object space 42496K, 17% used [0x00000000c3c00000,0x00000000c4321800,0x00000000c6580000)
 Metaspace       used 20462K, capacity 21094K, committed 21248K, reserved 1067008K
  class space    used 2609K, capacity 2781K, committed 2816K, reserved 1048576K
Event: 5,051 GC heap after
Heap after GC invocations=6 (full 0):
 PSYoungGen      total 70144K, used 2714K [0x00000000ebf00000, 0x00000000f0b00000, 0x0000000100000000)
  eden space 63488K, 0% used [0x00000000ebf00000,0x00000000ebf00000,0x00000000efd00000)
  from space 6656K, 40% used [0x00000000f0480000,0x00000000f07269c0,0x00000000f0b00000)
  to   space 7168K, 0% used [0x00000000efd00000,0x00000000efd00000,0x00000000f0400000)
 ParOldGen       total 42496K, used 7310K [0x00000000c3c00000, 0x00000000c6580000, 0x00000000ebf00000)
  object space 42496K, 17% used [0x00000000c3c00000,0x00000000c4323800,0x00000000c6580000)
 Metaspace       used 20462K, capacity 21094K, committed 21248K, reserved 1067008K
  class space    used 2609K, capacity 2781K, committed 2816K, reserved 1048576K
}
Event: 5,051 GC heap before
{Heap before GC invocations=7 (full 1):
 PSYoungGen      total 70144K, used 2714K [0x00000000ebf00000, 0x00000000f0b00000, 0x0000000100000000)
  eden space 63488K, 0% used [0x00000000ebf00000,0x00000000ebf00000,0x00000000efd00000)
  from space 6656K, 40% used [0x00000000f0480000,0x00000000f07269c0,0x00000000f0b00000)
  to   space 7168K, 0% used [0x00000000efd00000,0x00000000efd00000,0x00000000f0400000)
 ParOldGen       total 42496K, used 7310K [0x00000000c3c00000, 0x00000000c6580000, 0x00000000ebf00000)
  object space 42496K, 17% used [0x00000000c3c00000,0x00000000c4323800,0x00000000c6580000)
 Metaspace       used 20462K, capacity 21094K, committed 21248K, reserved 1067008K
  class space    used 2609K, capacity 2781K, committed 2816K, reserved 1048576K
Event: 5,116 GC heap after
Heap after GC invocations=7 (full 1):
 PSYoungGen      total 70144K, used 0K [0x00000000ebf00000, 0x00000000f0b00000, 0x0000000100000000)
  eden space 63488K, 0% used [0x00000000ebf00000,0x00000000ebf00000,0x00000000efd00000)
  from space 6656K, 0% used [0x00000000f0480000,0x00000000f0480000,0x00000000f0b00000)
  to   space 7168K, 0% used [0x00000000efd00000,0x00000000efd00000,0x00000000f0400000)
 ParOldGen       total 27648K, used 5403K [0x00000000c3c00000, 0x00000000c5700000, 0x00000000ebf00000)
  object space 27648K, 19% used [0x00000000c3c00000,0x00000000c4146cb0,0x00000000c5700000)
 Metaspace       used 20462K, capacity 21094K, committed 21248K, reserved 1067008K
  class space    used 2609K, capacity 2781K, committed 2816K, reserved 1048576K
}
Event: 6,501 GC heap before
{Heap before GC invocations=8 (full 1):
 PSYoungGen      total 70144K, used 63488K [0x00000000ebf00000, 0x00000000f0b00000, 0x0000000100000000)
  eden space 63488K, 100% used [0x00000000ebf00000,0x00000000efd00000,0x00000000efd00000)
  from space 6656K, 0% used [0x00000000f0480000,0x00000000f0480000,0x00000000f0b00000)
  to   space 7168K, 0% used [0x00000000efd00000,0x00000000efd00000,0x00000000f0400000)
 ParOldGen       total 27648K, used 5403K [0x00000000c3c00000, 0x00000000c5700000, 0x00000000ebf00000)
  object space 27648K, 19% used [0x00000000c3c00000,0x00000000c4146cb0,0x00000000c5700000)
 Metaspace       used 25785K, capacity 26496K, committed 26880K, reserved 1073152K
  class space    used 3336K, capacity 3500K, committed 3584K, reserved 1048576K

Deoptimization events (10 events):
Event: 3,512 Thread 0x00007f238800e000 Uncommon trap: reason=unstable_if action=reinterpret pc=0x00007f2378473df0 method=java.util.regex.Pattern$BmpCharProperty.match(Ljava/util/regex/Matcher;ILjava/lang/CharSequence;)Z @ 5
Event: 4,174 Thread 0x00007f238800e000 Uncommon trap: reason=unstable_if action=reinterpret pc=0x00007f23785f4638 method=java.io.ByteArrayInputStream.read([BII)I @ 70
Event: 4,258 Thread 0x00007f238800e000 Uncommon trap: reason=unstable_if action=reinterpret pc=0x00007f237856d560 method=java.lang.Integer.parseInt(Ljava/lang/String;I)I @ 122
Event: 4,275 Thread 0x00007f238800e000 Uncommon trap: reason=unstable_if action=reinterpret pc=0x00007f23784e3b64 method=java.io.DataInputStream.readUTF(Ljava/io/DataInput;)Ljava/lang/String; @ 31
Event: 4,282 Thread 0x00007f238800e000 Uncommon trap: reason=unstable_if action=reinterpret pc=0x00007f237856cb44 method=java.lang.CharacterDataLatin1.digit(II)I @ 60
Event: 4,282 Thread 0x00007f238800e000 Uncommon trap: reason=unstable_if action=reinterpret pc=0x00007f237856e878 method=java.lang.CharacterDataLatin1.digit(II)I @ 60
Event: 5,978 Thread 0x00007f238800e000 Uncommon trap: reason=unstable_if action=reinterpret pc=0x00007f237864092c method=java.util.HashMap.putVal(ILjava/lang/Object;Ljava/lang/Object;ZZ)Ljava/lang/Object; @ 162
Event: 5,978 Thread 0x00007f238800e000 Uncommon trap: reason=unstable_if action=reinterpret pc=0x00007f23783aa254 method=java.util.HashMap.getNode(ILjava/lang/Object;)Ljava/util/HashMap$Node; @ 84
Event: 5,978 Thread 0x00007f238800e000 Uncommon trap: reason=unstable_if action=reinterpret pc=0x00007f23783a452c method=java.util.HashMap.getNode(ILjava/lang/Object;)Ljava/util/HashMap$Node; @ 84
Event: 6,018 Thread 0x00007f238800e000 Uncommon trap: reason=unstable_if action=reinterpret pc=0x00007f237863e84c method=java.util.HashMap.resize()[Ljava/util/HashMap$Node; @ 206

Classes redefined (0 events):
No events

Internal exceptions (10 events):
Event: 1,096 Thread 0x00007f238800e000 Exception <a 'java/lang/NoSuchMethodError': java.lang.Object.lambda$andThen$1(Ljava/util/function/Function;Ljava/lang/Object;)Ljava/lang/Object;> (0x00000000ecaa0c70) thrown at [/HUDSON/workspace/8-2-build-linux-amd64/jdk8u181/11358/hotspot/src/share/vm/i
Event: 1,993 Thread 0x00007f238800e000 Exception <a 'java/lang/ClassNotFoundException': com/sun/org/glassfish/hk2/osgiresourcelocator/ServiceLoader> (0x00000000ecd70360) thrown at [/HUDSON/workspace/8-2-build-linux-amd64/jdk8u181/11358/hotspot/src/share/vm/classfile/systemDictionary.cpp, line 
Event: 2,006 Thread 0x00007f238800e000 Exception <a 'java/lang/NullPointerException'> (0x00000000ecd9d070) thrown at [/HUDSON/workspace/8-2-build-linux-amd64/jdk8u181/11358/hotspot/src/share/vm/interpreter/linkResolver.cpp, line 1287]
Event: 2,120 Thread 0x00007f238800e000 Exception <a 'java/lang/ArrayIndexOutOfBoundsException': 18> (0x00000000ebfa2150) thrown at [/HUDSON/workspace/8-2-build-linux-amd64/jdk8u181/11358/hotspot/src/share/vm/interpreter/interpreterRuntime.cpp, line 366]
Event: 2,121 Thread 0x00007f238800e000 Exception <a 'java/lang/ArrayIndexOutOfBoundsException': 67> (0x00000000ebfa4290) thrown at [/HUDSON/workspace/8-2-build-linux-amd64/jdk8u181/11358/hotspot/src/share/vm/interpreter/interpreterRuntime.cpp, line 366]
Event: 2,122 Thread 0x00007f238800e000 Exception <a 'java/lang/ArrayIndexOutOfBoundsException': 65> (0x00000000ebfa7e90) thrown at [/HUDSON/workspace/8-2-build-linux-amd64/jdk8u181/11358/hotspot/src/share/vm/interpreter/interpreterRuntime.cpp, line 366]
Event: 2,331 Thread 0x00007f238800e000 Implicit null exception at 0x00007f2378387235 to 0x00007f23783875e5
Event: 2,973 Thread 0x00007f238800e000 Implicit null exception at 0x00007f2378374836 to 0x00007f2378374be9
Event: 4,518 Thread 0x00007f238800e000 Exception <a 'java/lang/NullPointerException'> (0x00000000ed894308) thrown at [/HUDSON/workspace/8-2-build-linux-amd64/jdk8u181/11358/hotspot/src/share/vm/runtime/reflection.cpp, line 922]
Event: 4,974 Thread 0x00007f238800e000 Exception <a 'java/lang/reflect/InvocationTargetException'> (0x00000000edd435c8) thrown at [/HUDSON/workspace/8-2-build-linux-amd64/jdk8u181/11358/hotspot/src/share/vm/runtime/reflection.cpp, line 1092]

Events (10 events):
Event: 6,486 loading class org/hibernate/loader/plan/build/internal/returns/CollectionReturnImpl done
Event: 6,488 loading class org/hibernate/loader/plan/exec/internal/AbstractCollectionLoadQueryDetails$CollectionLoaderReaderCollectorImpl
Event: 6,488 loading class org/hibernate/loader/plan/exec/internal/AbstractCollectionLoadQueryDetails$CollectionLoaderReaderCollectorImpl done
Event: 6,488 loading class org/hibernate/loader/plan/exec/process/internal/CollectionReturnReader
Event: 6,488 loading class org/hibernate/loader/plan/exec/process/internal/CollectionReturnReader done
Event: 6,489 loading class org/hibernate/loader/plan/exec/internal/AbstractCollectionLoadQueryDetails$CollectionLoaderRowReader
Event: 6,489 loading class org/hibernate/loader/plan/exec/internal/AbstractCollectionLoadQueryDetails$CollectionLoaderRowReader done
Event: 6,491 loading class org/hibernate/internal/StaticFilterAliasGenerator
Event: 6,491 loading class org/hibernate/internal/StaticFilterAliasGenerator done
Event: 6,500 Executing VM operation: ParallelGCFailedAllocation


Dynamic libraries:
00400000-00401000 r-xp 00000000 08:05 3542466                            /home/alex/dev/libs/jdk1.8.0_181/bin/java
00600000-00601000 rw-p 00000000 08:05 3542466                            /home/alex/dev/libs/jdk1.8.0_181/bin/java
0076c000-0078d000 rw-p 00000000 00:00 0                                  [heap]
c3c00000-c5700000 rw-p 00000000 00:00 0 
c5700000-ebf00000 ---p 00000000 00:00 0 
ebf00000-f0b00000 rw-p 00000000 00:00 0 
f4280000-100000000 ---p 00000000 00:00 0 
100000000-100380000 rw-p 00000000 00:00 0 
100380000-140000000 ---p 00000000 00:00 0 
7f2330000000-7f2330021000 rw-p 00000000 00:00 0 
7f2330021000-7f2334000000 ---p 00000000 00:00 0 
7f2334000000-7f2334021000 rw-p 00000000 00:00 0 
7f2334021000-7f2338000000 ---p 00000000 00:00 0 
7f2338000000-7f23385cf000 rw-p 00000000 00:00 0 
7f23385cf000-7f233c000000 ---p 00000000 00:00 0 
7f233c000000-7f233c021000 rw-p 00000000 00:00 0 
7f233c021000-7f2340000000 ---p 00000000 00:00 0 
7f2340000000-7f23405de000 rw-p 00000000 00:00 0 
7f23405de000-7f2344000000 ---p 00000000 00:00 0 
7f2344000000-7f23442fa000 rw-p 00000000 00:00 0 
7f23442fa000-7f2348000000 ---p 00000000 00:00 0 
7f2348000000-7f2348021000 rw-p 00000000 00:00 0 
7f2348021000-7f234c000000 ---p 00000000 00:00 0 
7f234c000000-7f234c021000 rw-p 00000000 00:00 0 
7f234c021000-7f2350000000 ---p 00000000 00:00 0 
7f2350000000-7f2350021000 rw-p 00000000 00:00 0 
7f2350021000-7f2354000000 ---p 00000000 00:00 0 
7f2354000000-7f2354021000 rw-p 00000000 00:00 0 
7f2354021000-7f2358000000 ---p 00000000 00:00 0 
7f2358000000-7f2358021000 rw-p 00000000 00:00 0 
7f2358021000-7f235c000000 ---p 00000000 00:00 0 
7f235c000000-7f235c293000 rw-p 00000000 00:00 0 
7f235c293000-7f2360000000 ---p 00000000 00:00 0 
7f2360000000-7f2360021000 rw-p 00000000 00:00 0 
7f2360021000-7f2364000000 ---p 00000000 00:00 0 
7f2364fff000-7f2368000000 rw-p 00000000 00:00 0 
7f2368000000-7f2368021000 rw-p 00000000 00:00 0 
7f2368021000-7f236c000000 ---p 00000000 00:00 0 
7f236cee7000-7f236cfa7000 rw-p 00000000 00:00 0 
7f236cfa7000-7f236d0e7000 ---p 00000000 00:00 0 
7f236d0e7000-7f236d2e7000 rw-p 00000000 00:00 0 
7f236d2e7000-7f236d4e7000 rw-p 00000000 00:00 0 
7f236d4e7000-7f236d4ea000 ---p 00000000 00:00 0 
7f236d4ea000-7f236d7e8000 rw-p 00000000 00:00 0 
7f236d7e8000-7f236d7ff000 r-xp 00000000 08:05 6815924                    /lib/x86_64-linux-gnu/libgcc_s.so.1
7f236d7ff000-7f236d9fe000 ---p 00017000 08:05 6815924                    /lib/x86_64-linux-gnu/libgcc_s.so.1
7f236d9fe000-7f236d9ff000 r--p 00016000 08:05 6815924                    /lib/x86_64-linux-gnu/libgcc_s.so.1
7f236d9ff000-7f236da00000 rw-p 00017000 08:05 6815924                    /lib/x86_64-linux-gnu/libgcc_s.so.1
7f236da14000-7f236da19000 r--s 0003f000 08:05 3803375                    /home/alex/dev/libs/jdk1.8.0_181/jre/lib/ext/sunjce_provider.jar
7f236da19000-7f236da4b000 r-xp 00000000 08:05 3803473                    /home/alex/dev/libs/jdk1.8.0_181/jre/lib/amd64/libsunec.so
7f236da4b000-7f236dc4a000 ---p 00032000 08:05 3803473                    /home/alex/dev/libs/jdk1.8.0_181/jre/lib/amd64/libsunec.so
7f236dc4a000-7f236dc50000 rw-p 00031000 08:05 3803473                    /home/alex/dev/libs/jdk1.8.0_181/jre/lib/amd64/libsunec.so
7f236dc50000-7f236dc60000 rw-p 00000000 00:00 0 
7f236dc60000-7f236dc71000 r-xp 00000000 08:05 3803525                    /home/alex/dev/libs/jdk1.8.0_181/jre/lib/amd64/libnio.so
7f236dc71000-7f236de70000 ---p 00011000 08:05 3803525                    /home/alex/dev/libs/jdk1.8.0_181/jre/lib/amd64/libnio.so
7f236de70000-7f236de71000 rw-p 00010000 08:05 3803525                    /home/alex/dev/libs/jdk1.8.0_181/jre/lib/amd64/libnio.so
7f236de71000-7f236e071000 rw-p 00000000 00:00 0 
7f236e071000-7f236e073000 r--s 00009000 08:05 3803365                    /home/alex/dev/libs/jdk1.8.0_181/jre/lib/ext/sunec.jar
7f236e073000-7f236e076000 r--s 0001a000 08:05 3803538                    /home/alex/dev/libs/jdk1.8.0_181/jre/lib/jce.jar
7f236e076000-7f236e07b000 r--s 0009d000 08:05 3803363                    /home/alex/dev/libs/jdk1.8.0_181/jre/lib/jsse.jar
7f236e07b000-7f236e27b000 rw-p 00000000 00:00 0 
7f236e27b000-7f236e28e000 r--s 00345000 08:05 3803344                    /home/alex/dev/libs/jdk1.8.0_181/jre/lib/resources.jar
7f236e28e000-7f236e48e000 rw-p 00000000 00:00 0 
7f236e48e000-7f236e68e000 rw-p 00000000 00:00 0 
7f236e68e000-7f236e698000 r--s 000c0000 08:05 1204143                    /home/alex/.m2/repository/org/postgresql/postgresql/42.2.5/postgresql-42.2.5.jar
7f236e698000-7f236e69d000 r--s 00016000 08:05 1204133                    /home/alex/.m2/repository/xml-apis/xml-apis/1.0.b2/xml-apis-1.0.b2.jar
7f236e69d000-7f236e6a2000 r--s 00048000 08:05 1204129                    /home/alex/.m2/repository/dom4j/dom4j/1.6.1/dom4j-1.6.1.jar
7f236e6a2000-7f236e70d000 r--s 00500000 08:05 1204024                    /home/alex/.m2/repository/org/hibernate/hibernate-core/5.1.0.Final/hibernate-core-5.1.0.Final.jar
7f236e70d000-7f236e70e000 ---p 00000000 00:00 0 
7f236e70e000-7f236e80e000 rw-p 00000000 00:00 0 
7f236e80e000-7f236e811000 ---p 00000000 00:00 0 
7f236e811000-7f236e90f000 rw-p 00000000 00:00 0 
7f236e90f000-7f236e910000 ---p 00000000 00:00 0 
7f236e910000-7f236e913000 ---p 00000000 00:00 0 
7f236e913000-7f236ea10000 rw-p 00000000 00:00 0 
7f236ea10000-7f236ea11000 ---p 00000000 00:00 0 
7f236ea11000-7f236ea14000 ---p 00000000 00:00 0 
7f236ea14000-7f236eb11000 rw-p 00000000 00:00 0 
7f236eb11000-7f236eb27000 r-xp 00000000 08:05 3803522                    /home/alex/dev/libs/jdk1.8.0_181/jre/lib/amd64/libnet.so
7f236eb27000-7f236ed27000 ---p 00016000 08:05 3803522                    /home/alex/dev/libs/jdk1.8.0_181/jre/lib/amd64/libnet.so
7f236ed27000-7f236ed28000 rw-p 00016000 08:05 3803522                    /home/alex/dev/libs/jdk1.8.0_181/jre/lib/amd64/libnet.so
7f236ed28000-7f236ed29000 ---p 00000000 00:00 0 
7f236ed29000-7f236ed2c000 ---p 00000000 00:00 0 
7f236ed2c000-7f236ee29000 rw-p 00000000 00:00 0 
7f236ee29000-7f236ee2c000 ---p 00000000 00:00 0 
7f236ee2c000-7f236ef2a000 rw-p 00000000 00:00 0 
7f236ef2a000-7f236ef2d000 ---p 00000000 00:00 0 
7f236ef2d000-7f236f02b000 rw-p 00000000 00:00 0 
7f236f02b000-7f236f9fa000 r--p 00000000 08:05 4070086                    /usr/lib/locale/locale-archive
7f236f9fa000-7f236f9fd000 ---p 00000000 00:00 0 
7f236f9fd000-7f236fafb000 rw-p 00000000 00:00 0 
7f236fafb000-7f236fafe000 ---p 00000000 00:00 0 
7f236fafe000-7f236fbfc000 rw-p 00000000 00:00 0 
7f236fbfc000-7f236fbfd000 ---p 00000000 00:00 0 
7f236fbfd000-7f2370000000 rw-p 00000000 00:00 0 
7f2370000000-7f2370025000 rw-p 00000000 00:00 0 
7f2370025000-7f2374000000 ---p 00000000 00:00 0 
7f2374000000-7f2374003000 r--s 00010000 08:05 1204135                    /home/alex/.m2/repository/org/hibernate/common/hibernate-commons-annotations/5.0.1.Final/hibernate-commons-annotations-5.0.1.Final.jar
7f2374003000-7f2374005000 r--s 0000e000 08:05 1204120                    /home/alex/.m2/repository/com/fasterxml/classmate/1.3.0/classmate-1.3.0.jar
7f2374005000-7f2374008000 r--s 0002b000 08:05 1204116                    /home/alex/.m2/repository/org/jboss/jandex/2.0.0.Final/jandex-2.0.0.Final.jar
7f2374008000-7f2374012000 r--s 000ae000 08:05 1204083                    /home/alex/.m2/repository/org/javassist/javassist/3.20.0-GA/javassist-3.20.0-GA.jar
7f2374012000-7f2374025000 r--s 000d6000 08:05 3803248                    /home/alex/dev/libs/jdk1.8.0_181/jre/lib/plugin.jar
7f2374025000-7f2374c31000 rw-p 00000000 00:00 0 
7f2374c31000-7f2374e0b000 r--s 03d6b000 08:05 3803306                    /home/alex/dev/libs/jdk1.8.0_181/jre/lib/rt.jar
7f2374e0b000-7f2377683000 rw-p 00000000 00:00 0 
7f2377683000-7f2377684000 ---p 00000000 00:00 0 
7f2377684000-7f2377784000 rw-p 00000000 00:00 0 
7f2377784000-7f2377785000 ---p 00000000 00:00 0 
7f2377785000-7f2377885000 rw-p 00000000 00:00 0 
7f2377885000-7f2377886000 ---p 00000000 00:00 0 
7f2377886000-7f2377986000 rw-p 00000000 00:00 0 
7f2377986000-7f2377987000 ---p 00000000 00:00 0 
7f2377987000-7f2377a95000 rw-p 00000000 00:00 0 
7f2377a95000-7f2377bc9000 ---p 00000000 00:00 0 
7f2377bc9000-7f2377bd7000 rw-p 00000000 00:00 0 
7f2377bd7000-7f2377d0a000 ---p 00000000 00:00 0 
7f2377d0a000-7f2377d31000 rw-p 00000000 00:00 0 
7f2377d31000-7f2377dab000 ---p 00000000 00:00 0 
7f2377dab000-7f2377dcc000 rw-p 00000000 00:00 0 
7f2377dcc000-7f237816c000 ---p 00000000 00:00 0 
7f237816c000-7f237893c000 rwxp 00000000 00:00 0 
7f237893c000-7f238716c000 ---p 00000000 00:00 0 
7f238716c000-7f2387187000 r-xp 00000000 08:05 3803518                    /home/alex/dev/libs/jdk1.8.0_181/jre/lib/amd64/libzip.so
7f2387187000-7f2387387000 ---p 0001b000 08:05 3803518                    /home/alex/dev/libs/jdk1.8.0_181/jre/lib/amd64/libzip.so
7f2387387000-7f2387388000 rw-p 0001b000 08:05 3803518                    /home/alex/dev/libs/jdk1.8.0_181/jre/lib/amd64/libzip.so
7f2387388000-7f2387393000 r-xp 00000000 08:05 6820602                    /lib/x86_64-linux-gnu/libnss_files-2.27.so
7f2387393000-7f2387592000 ---p 0000b000 08:05 6820602                    /lib/x86_64-linux-gnu/libnss_files-2.27.so
7f2387592000-7f2387593000 r--p 0000a000 08:05 6820602                    /lib/x86_64-linux-gnu/libnss_files-2.27.so
7f2387593000-7f2387594000 rw-p 0000b000 08:05 6820602                    /lib/x86_64-linux-gnu/libnss_files-2.27.so
7f2387594000-7f238759a000 rw-p 00000000 00:00 0 
7f238759a000-7f23875b1000 r-xp 00000000 08:05 6820596                    /lib/x86_64-linux-gnu/libnsl-2.27.so
7f23875b1000-7f23877b0000 ---p 00017000 08:05 6820596                    /lib/x86_64-linux-gnu/libnsl-2.27.so
7f23877b0000-7f23877b1000 r--p 00016000 08:05 6820596                    /lib/x86_64-linux-gnu/libnsl-2.27.so
7f23877b1000-7f23877b2000 rw-p 00017000 08:05 6820596                    /lib/x86_64-linux-gnu/libnsl-2.27.so
7f23877b2000-7f23877b4000 rw-p 00000000 00:00 0 
7f23877b4000-7f23877bf000 r-xp 00000000 08:05 6820613                    /lib/x86_64-linux-gnu/libnss_nis-2.27.so
7f23877bf000-7f23879be000 ---p 0000b000 08:05 6820613                    /lib/x86_64-linux-gnu/libnss_nis-2.27.so
7f23879be000-7f23879bf000 r--p 0000a000 08:05 6820613                    /lib/x86_64-linux-gnu/libnss_nis-2.27.so
7f23879bf000-7f23879c0000 rw-p 0000b000 08:05 6820613                    /lib/x86_64-linux-gnu/libnss_nis-2.27.so
7f23879c0000-7f23879c8000 r-xp 00000000 08:05 6820598                    /lib/x86_64-linux-gnu/libnss_compat-2.27.so
7f23879c8000-7f2387bc8000 ---p 00008000 08:05 6820598                    /lib/x86_64-linux-gnu/libnss_compat-2.27.so
7f2387bc8000-7f2387bc9000 r--p 00008000 08:05 6820598                    /lib/x86_64-linux-gnu/libnss_compat-2.27.so
7f2387bc9000-7f2387bca000 rw-p 00009000 08:05 6820598                    /lib/x86_64-linux-gnu/libnss_compat-2.27.so
7f2387bca000-7f2387bd4000 r-xp 00000000 08:05 3803527                    /home/alex/dev/libs/jdk1.8.0_181/jre/lib/amd64/libinstrument.so
7f2387bd4000-7f2387dd3000 ---p 0000a000 08:05 3803527                    /home/alex/dev/libs/jdk1.8.0_181/jre/lib/amd64/libinstrument.so
7f2387dd3000-7f2387dd4000 rw-p 00009000 08:05 3803527                    /home/alex/dev/libs/jdk1.8.0_181/jre/lib/amd64/libinstrument.so
7f2387dd4000-7f2387dff000 r-xp 00000000 08:05 3803512                    /home/alex/dev/libs/jdk1.8.0_181/jre/lib/amd64/libjava.so
7f2387dff000-7f2387ffe000 ---p 0002b000 08:05 3803512                    /home/alex/dev/libs/jdk1.8.0_181/jre/lib/amd64/libjava.so
7f2387ffe000-7f2388000000 rw-p 0002a000 08:05 3803512                    /home/alex/dev/libs/jdk1.8.0_181/jre/lib/amd64/libjava.so
7f2388000000-7f23889a8000 rw-p 00000000 00:00 0 
7f23889a8000-7f238c000000 ---p 00000000 00:00 0 
7f238c001000-7f238c002000 r--s 00003000 08:05 1204093                    /home/alex/.m2/repository/org/apache/geronimo/specs/geronimo-jta_1.1_spec/1.1.1/geronimo-jta_1.1_spec-1.1.1.jar
7f238c002000-7f238c007000 r--s 00068000 08:05 1204059                    /home/alex/.m2/repository/antlr/antlr/2.7.7/antlr-2.7.7.jar
7f238c007000-7f238c00c000 r--s 00017000 08:05 1204069                    /home/alex/.m2/repository/org/hibernate/javax/persistence/hibernate-jpa-2.1-api/1.0.0.Final/hibernate-jpa-2.1-api-1.0.0.Final.jar
7f238c00c000-7f238c00e000 r--s 0000f000 08:05 1204142                    /home/alex/.m2/repository/org/jboss/logging/jboss-logging/3.3.0.Final/jboss-logging-3.3.0.Final.jar
7f238c00e000-7f238c010000 r--s 00007000 08:05 3803540                    /home/alex/dev/libs/jdk1.8.0_181/jre/lib/jfxswt.jar
7f238c010000-7f238c019000 r--s 0006d000 08:05 3803233                    /home/alex/dev/libs/jdk1.8.0_181/jre/lib/javaws.jar
7f238c019000-7f238c026000 r-xp 00000000 08:05 3803517                    /home/alex/dev/libs/jdk1.8.0_181/jre/lib/amd64/libverify.so
7f238c026000-7f238c226000 ---p 0000d000 08:05 3803517                    /home/alex/dev/libs/jdk1.8.0_181/jre/lib/amd64/libverify.so
7f238c226000-7f238c228000 rw-p 0000d000 08:05 3803517                    /home/alex/dev/libs/jdk1.8.0_181/jre/lib/amd64/libverify.so
7f238c228000-7f238c22f000 r-xp 00000000 08:05 6820653                    /lib/x86_64-linux-gnu/librt-2.27.so
7f238c22f000-7f238c42e000 ---p 00007000 08:05 6820653                    /lib/x86_64-linux-gnu/librt-2.27.so
7f238c42e000-7f238c42f000 r--p 00006000 08:05 6820653                    /lib/x86_64-linux-gnu/librt-2.27.so
7f238c42f000-7f238c430000 rw-p 00007000 08:05 6820653                    /lib/x86_64-linux-gnu/librt-2.27.so
7f238c430000-7f238c5cd000 r-xp 00000000 08:05 6820575                    /lib/x86_64-linux-gnu/libm-2.27.so
7f238c5cd000-7f238c7cc000 ---p 0019d000 08:05 6820575                    /lib/x86_64-linux-gnu/libm-2.27.so
7f238c7cc000-7f238c7cd000 r--p 0019c000 08:05 6820575                    /lib/x86_64-linux-gnu/libm-2.27.so
7f238c7cd000-7f238c7ce000 rw-p 0019d000 08:05 6820575                    /lib/x86_64-linux-gnu/libm-2.27.so
7f238c7ce000-7f238d4aa000 r-xp 00000000 08:05 3803494                    /home/alex/dev/libs/jdk1.8.0_181/jre/lib/amd64/server/libjvm.so
7f238d4aa000-7f238d6aa000 ---p 00cdc000 08:05 3803494                    /home/alex/dev/libs/jdk1.8.0_181/jre/lib/amd64/server/libjvm.so
7f238d6aa000-7f238d784000 rw-p 00cdc000 08:05 3803494                    /home/alex/dev/libs/jdk1.8.0_181/jre/lib/amd64/server/libjvm.so
7f238d784000-7f238d7cf000 rw-p 00000000 00:00 0 
7f238d7cf000-7f238d9b6000 r-xp 00000000 08:05 6820512                    /lib/x86_64-linux-gnu/libc-2.27.so
7f238d9b6000-7f238dbb6000 ---p 001e7000 08:05 6820512                    /lib/x86_64-linux-gnu/libc-2.27.so
7f238dbb6000-7f238dbba000 r--p 001e7000 08:05 6820512                    /lib/x86_64-linux-gnu/libc-2.27.so
7f238dbba000-7f238dbbc000 rw-p 001eb000 08:05 6820512                    /lib/x86_64-linux-gnu/libc-2.27.so
7f238dbbc000-7f238dbc0000 rw-p 00000000 00:00 0 
7f238dbc0000-7f238dbc3000 r-xp 00000000 08:05 6820535                    /lib/x86_64-linux-gnu/libdl-2.27.so
7f238dbc3000-7f238ddc2000 ---p 00003000 08:05 6820535                    /lib/x86_64-linux-gnu/libdl-2.27.so
7f238ddc2000-7f238ddc3000 r--p 00002000 08:05 6820535                    /lib/x86_64-linux-gnu/libdl-2.27.so
7f238ddc3000-7f238ddc4000 rw-p 00003000 08:05 6820535                    /lib/x86_64-linux-gnu/libdl-2.27.so
7f238ddc4000-7f238ddda000 r-xp 00000000 08:05 3674518                    /home/alex/dev/libs/jdk1.8.0_181/lib/amd64/jli/libjli.so
7f238ddda000-7f238dfd9000 ---p 00016000 08:05 3674518                    /home/alex/dev/libs/jdk1.8.0_181/lib/amd64/jli/libjli.so
7f238dfd9000-7f238dfda000 rw-p 00015000 08:05 3674518                    /home/alex/dev/libs/jdk1.8.0_181/lib/amd64/jli/libjli.so
7f238dfda000-7f238dff4000 r-xp 00000000 08:05 6820645                    /lib/x86_64-linux-gnu/libpthread-2.27.so
7f238dff4000-7f238e1f3000 ---p 0001a000 08:05 6820645                    /lib/x86_64-linux-gnu/libpthread-2.27.so
7f238e1f3000-7f238e1f4000 r--p 00019000 08:05 6820645                    /lib/x86_64-linux-gnu/libpthread-2.27.so
7f238e1f4000-7f238e1f5000 rw-p 0001a000 08:05 6820645                    /lib/x86_64-linux-gnu/libpthread-2.27.so
7f238e1f5000-7f238e1f9000 rw-p 00000000 00:00 0 
7f238e1f9000-7f238e220000 r-xp 00000000 08:05 6820484                    /lib/x86_64-linux-gnu/ld-2.27.so
7f238e220000-7f238e221000 r--s 00000000 08:05 3803230                    /home/alex/dev/libs/jdk1.8.0_181/jre/lib/management-agent.jar
7f238e221000-7f238e23d000 r--s 0020b000 08:05 3803224                    /home/alex/dev/libs/jdk1.8.0_181/jre/lib/deploy.jar
7f238e23d000-7f238e240000 r--s 00010000 08:05 1201522                    /home/alex/.m2/repository/org/junit/jupiter/junit-jupiter-api/5.0.3/junit-jupiter-api-5.0.3.jar
7f238e240000-7f238e244000 r--s 0001a000 08:05 1203551                    /home/alex/.m2/repository/org/junit/jupiter/junit-jupiter-engine/5.0.3/junit-jupiter-engine-5.0.3.jar
7f238e244000-7f238e245000 r--s 00001000 08:05 1202294                    /home/alex/.m2/repository/org/opentest4j/opentest4j/1.0.0/opentest4j-1.0.0.jar
7f238e245000-7f238e302000 rw-p 00000000 00:00 0 
7f238e302000-7f238e303000 ---p 00000000 00:00 0 
7f238e303000-7f238e306000 ---p 00000000 00:00 0 
7f238e306000-7f238e407000 rw-p 00000000 00:00 0 
7f238e407000-7f238e409000 r--s 0000e000 08:05 1202301                    /home/alex/.m2/repository/org/junit/platform/junit-platform-commons/1.0.3/junit-platform-commons-1.0.3.jar
7f238e409000-7f238e40c000 r--s 00013000 08:05 1203546                    /home/alex/.m2/repository/org/junit/platform/junit-platform-engine/1.0.3/junit-platform-engine-1.0.3.jar
7f238e40c000-7f238e40d000 r--s 00000000 08:05 1202312                    /home/alex/.m2/repository/org/apiguardian/apiguardian-api/1.0.0/apiguardian-api-1.0.0.jar
7f238e40d000-7f238e40f000 r--s 0000c000 08:05 1203537                    /home/alex/.m2/repository/org/junit/platform/junit-platform-launcher/1.0.3/junit-platform-launcher-1.0.3.jar
7f238e40f000-7f238e411000 r--s 00008000 08:05 2099549                    /home/alex/.local/share/JetBrains/Toolbox/apps/IDEA-U/ch-0/181.5087.20/plugins/junit/lib/junit5-rt.jar
7f238e411000-7f238e414000 r--s 0001f000 08:05 2099548                    /home/alex/.local/share/JetBrains/Toolbox/apps/IDEA-U/ch-0/181.5087.20/plugins/junit/lib/junit-rt.jar
7f238e414000-7f238e416000 r--s 0001a000 08:05 928855                     /home/alex/.local/share/JetBrains/Toolbox/apps/IDEA-U/ch-0/181.5087.20/lib/idea_rt.jar
7f238e416000-7f238e41e000 rw-s 00000000 08:05 7078579                    /tmp/hsperfdata_alex/23288
7f238e41e000-7f238e41f000 rw-p 00000000 00:00 0 
7f238e41f000-7f238e420000 ---p 00000000 00:00 0 
7f238e420000-7f238e421000 r--p 00027000 08:05 6820484                    /lib/x86_64-linux-gnu/ld-2.27.so
7f238e421000-7f238e422000 rw-p 00028000 08:05 6820484                    /lib/x86_64-linux-gnu/ld-2.27.so
7f238e422000-7f238e423000 rw-p 00000000 00:00 0 
7fff2b7b1000-7fff2b7d3000 rw-p 00000000 00:00 0                          [stack]
7fff2b7ec000-7fff2b7ef000 r--p 00000000 00:00 0                          [vvar]
7fff2b7ef000-7fff2b7f1000 r-xp 00000000 00:00 0                          [vdso]
ffffffffff600000-ffffffffff601000 r-xp 00000000 00:00 0                  [vsyscall]

VM Arguments:
jvm_args: -ea -Didea.test.cyclic.buffer.size=1048576 -javaagent:/home/alex/.local/share/JetBrains/Toolbox/apps/IDEA-U/ch-0/181.5087.20/lib/idea_rt.jar=43319:/home/alex/.local/share/JetBrains/Toolbox/apps/IDEA-U/ch-0/181.5087.20/bin -Dfile.encoding=UTF-8 
java_command: com.intellij.rt.execution.junit.JUnitStarter -ideVersion5 -junit5 DaoTest,initialsPatternTest
java_class_path (initial): /home/alex/.local/share/JetBrains/Toolbox/apps/IDEA-U/ch-0/181.5087.20/lib/idea_rt.jar:/home/alex/.local/share/JetBrains/Toolbox/apps/IDEA-U/ch-0/181.5087.20/plugins/junit/lib/junit-rt.jar:/home/alex/.local/share/JetBrains/Toolbox/apps/IDEA-U/ch-0/181.5087.20/plugins/junit/lib/junit5-rt.jar:/home/alex/.m2/repository/org/junit/platform/junit-platform-launcher/1.0.3/junit-platform-launcher-1.0.3.jar:/home/alex/.m2/repository/org/apiguardian/apiguardian-api/1.0.0/apiguardian-api-1.0.0.jar:/home/alex/.m2/repository/org/junit/platform/junit-platform-engine/1.0.3/junit-platform-engine-1.0.3.jar:/home/alex/.m2/repository/org/junit/platform/junit-platform-commons/1.0.3/junit-platform-commons-1.0.3.jar:/home/alex/.m2/repository/org/opentest4j/opentest4j/1.0.0/opentest4j-1.0.0.jar:/home/alex/.m2/repository/org/junit/jupiter/junit-jupiter-engine/5.0.3/junit-jupiter-engine-5.0.3.jar:/home/alex/.m2/repository/org/junit/jupiter/junit-jupiter-api/5.0.3/junit-jupiter-api-5.0.3.jar:/home/alex/dev/libs/jdk1.8.0_181/jre/lib/charsets.jar:/home/alex/dev/libs/jdk1.8.0_181/jre/lib/deploy.jar:/home/alex/dev/libs/jdk1.8.0_181/jre/lib/ext/cldrdata.jar:/home/alex/dev/libs/jdk1.8.0_181/jre/lib/ext/dnsns.jar:/home/alex/dev/libs/jdk1.8.0_181/jre/lib/ext/jaccess.jar:/home/alex/dev/libs/jdk1.8.0_181/jre/lib/ext/jfxrt.jar:/home/alex/dev/libs/jdk1.8.0_181/jre/lib/ext/localedata.jar:/home/alex/dev/libs/jdk1.8.0_181/jre/lib/ext/nashorn.jar:/home/alex/dev/libs/jdk1.8.0_181/jre/lib/ext/sunec.jar:/home/alex/dev/libs/jdk1.8.0_181/jre/lib/ext/sunjce_provider.jar:/home/alex/dev/libs/jdk1.8.0_181/jre/lib/ext/sunpkcs11.jar:/home/alex/dev/libs/jdk1.8.0_181/jre/lib/ext/zipfs.jar:/home/alex/dev/libs/jdk1.8.0_181/jre/lib/javaws.jar:/home/alex/dev/libs/jdk1.8.0_181/jre/lib/jce.jar:/home/alex/dev/libs/jdk1.8.0_181/jre/lib/jfr.jar:/home/alex/dev/libs/jdk1.8.0_181/jre/lib/jfxswt.jar:/home/alex/dev/libs/jdk1.8.0_181/jre/lib/jsse.jar:/home/alex/dev/libs/jdk1.8.0_181/jre/lib/management-agent
Launcher Type: SUN_STANDARD

Environment Variables:
JAVA_HOME=/home/alex/dev/libs/jdk-10.0.1
PATH=/home/alex/dev/libs/jdk-10.0.1/bin:/home/alex/.local/bin:/usr/local/sbin:/usr/local/bin:/usr/sbin:/usr/bin:/sbin:/bin:/usr/games:/usr/local/games:/snap/bin
USERNAME=alex
SHELL=/bin/bash
DISPLAY=:0

Signal Handlers:
SIGSEGV: [libjvm.so+0xad2a40], sa_mask[0]=11111111011111111101111111111110, sa_flags=SA_RESTART|SA_SIGINFO
SIGBUS: [libjvm.so+0xad2a40], sa_mask[0]=11111111011111111101111111111110, sa_flags=SA_RESTART|SA_SIGINFO
SIGFPE: [libjvm.so+0x92a610], sa_mask[0]=11111111011111111101111111111110, sa_flags=SA_RESTART|SA_SIGINFO
SIGPIPE: [libjvm.so+0x92a610], sa_mask[0]=11111111011111111101111111111110, sa_flags=SA_RESTART|SA_SIGINFO
SIGXFSZ: [libjvm.so+0x92a610], sa_mask[0]=11111111011111111101111111111110, sa_flags=SA_RESTART|SA_SIGINFO
SIGILL: [libjvm.so+0x92a610], sa_mask[0]=11111111011111111101111111111110, sa_flags=SA_RESTART|SA_SIGINFO
SIGUSR1: SIG_DFL, sa_mask[0]=00000000000000000000000000000000, sa_flags=none
SIGUSR2: [libjvm.so+0x92be70], sa_mask[0]=00100000000000000000000000000000, sa_flags=SA_RESTART|SA_SIGINFO
SIGHUP: [libjvm.so+0x92d270], sa_mask[0]=11111111011111111101111111111110, sa_flags=SA_RESTART|SA_SIGINFO
SIGINT: [libjvm.so+0x92d270], sa_mask[0]=11111111011111111101111111111110, sa_flags=SA_RESTART|SA_SIGINFO
SIGTERM: [libjvm.so+0x92d270], sa_mask[0]=11111111011111111101111111111110, sa_flags=SA_RESTART|SA_SIGINFO
SIGQUIT: [libjvm.so+0x92d270], sa_mask[0]=11111111011111111101111111111110, sa_flags=SA_RESTART|SA_SIGINFO


---------------  S Y S T E M  ---------------

OS:DISTRIB_ID=Ubuntu
DISTRIB_RELEASE=18.04
DISTRIB_CODENAME=bionic
DISTRIB_DESCRIPTION="Ubuntu 18.04.1 LTS"

uname:Linux 4.15.0-36-generic #39-Ubuntu SMP Mon Sep 24 16:19:09 UTC 2018 x86_64
libc:glibc 2.27 NPTL 2.27 
rlimit: STACK 8192k, CORE 0k, NPROC 14404, NOFILE 1048576, AS infinity
load average:5,78 2,61 1,59

/proc/meminfo:
MemTotal:        3944692 kB
MemFree:          101760 kB
MemAvailable:      14060 kB
Buffers:            1284 kB
Cached:           173832 kB
SwapCached:         4304 kB
Active:          2964496 kB
Inactive:         602560 kB
Active(anon):    2955832 kB
Inactive(anon):   591208 kB
Active(file):       8664 kB
Inactive(file):    11352 kB
Unevictable:          96 kB
Mlocked:              96 kB
SwapTotal:       2097148 kB
SwapFree:              0 kB
Dirty:                88 kB
Writeback:             0 kB
AnonPages:       3388596 kB
Mapped:            89456 kB
Shmem:            154784 kB
Slab:             108156 kB
SReclaimable:      43052 kB
SUnreclaim:        65104 kB
KernelStack:       16752 kB
PageTables:        70120 kB
NFS_Unstable:          0 kB
Bounce:                0 kB
WritebackTmp:          0 kB
CommitLimit:     4069492 kB
Committed_AS:   12566976 kB
VmallocTotal:   34359738367 kB
VmallocUsed:           0 kB
VmallocChunk:          0 kB
HardwareCorrupted:     0 kB
AnonHugePages:         0 kB
ShmemHugePages:        0 kB
ShmemPmdMapped:        0 kB
CmaTotal:              0 kB
CmaFree:               0 kB
HugePages_Total:       0
HugePages_Free:        0
HugePages_Rsvd:        0
HugePages_Surp:        0
Hugepagesize:       2048 kB
DirectMap4k:      213404 kB
DirectMap2M:     3887104 kB
DirectMap1G:           0 kB


CPU:total 4 (initial active 4) (2 cores per cpu, 2 threads per core) family 6 model 69 stepping 1, cmov, cx8, fxsr, mmx, sse, sse2, sse3, ssse3, sse4.1, sse4.2, popcnt, avx, avx2, aes, clmul, erms, lzcnt, ht, tsc, tscinvbit, bmi1, bmi2

/proc/cpuinfo:
processor	: 0
vendor_id	: GenuineIntel
cpu family	: 6
model		: 69
model name	: Intel(R) Core(TM) i3-4030U CPU @ 1.90GHz
stepping	: 1
microcode	: 0x24
cpu MHz		: 1895.608
cache size	: 3072 KB
physical id	: 0
siblings	: 4
core id		: 0
cpu cores	: 2
apicid		: 0
initial apicid	: 0
fpu		: yes
fpu_exception	: yes
cpuid level	: 13
wp		: yes
flags		: fpu vme de pse tsc msr pae mce cx8 apic sep mtrr pge mca cmov pat pse36 clflush dts acpi mmx fxsr sse sse2 ss ht tm pbe syscall nx pdpe1gb rdtscp lm constant_tsc arch_perfmon pebs bts rep_good nopl xtopology nonstop_tsc cpuid aperfmperf pni pclmulqdq dtes64 monitor ds_cpl vmx est tm2 ssse3 sdbg fma cx16 xtpr pdcm pcid sse4_1 sse4_2 x2apic movbe popcnt tsc_deadline_timer aes xsave avx f16c rdrand lahf_lm abm cpuid_fault epb invpcid_single pti ssbd ibrs ibpb stibp tpr_shadow vnmi flexpriority ept vpid fsgsbase tsc_adjust bmi1 avx2 smep bmi2 erms invpcid xsaveopt dtherm ida arat pln pts flush_l1d
bugs		: cpu_meltdown spectre_v1 spectre_v2 spec_store_bypass l1tf
bogomips	: 3791.14
clflush size	: 64
cache_alignment	: 64
address sizes	: 39 bits physical, 48 bits virtual
power management:

processor	: 1
vendor_id	: GenuineIntel
cpu family	: 6
model		: 69
model name	: Intel(R) Core(TM) i3-4030U CPU @ 1.90GHz
stepping	: 1
microcode	: 0x24
cpu MHz		: 1895.649
cache size	: 3072 KB
physical id	: 0
siblings	: 4
core id		: 0
cpu cores	: 2
apicid		: 1
initial apicid	: 1
fpu		: yes
fpu_exception	: yes
cpuid level	: 13
wp		: yes
flags		: fpu vme de pse tsc msr pae mce cx8 apic sep mtrr pge mca cmov pat pse36 clflush dts acpi mmx fxsr sse sse2 ss ht tm pbe syscall nx pdpe1gb rdtscp lm constant_tsc arch_perfmon pebs bts rep_good nopl xtopology nonstop_tsc cpuid aperfmperf pni pclmulqdq dtes64 monitor ds_cpl vmx est tm2 ssse3 sdbg fma cx16 xtpr pdcm pcid sse4_1 sse4_2 x2apic movbe popcnt tsc_deadline_timer aes xsave avx f16c rdrand lahf_lm abm cpuid_fault epb invpcid_single pti ssbd ibrs ibpb stibp tpr_shadow vnmi flexpriority ept vpid fsgsbase tsc_adjust bmi1 avx2 smep bmi2 erms invpcid xsaveopt dtherm ida arat pln pts flush_l1d
bugs		: cpu_meltdown spectre_v1 spectre_v2 spec_store_bypass l1tf
bogomips	: 3791.14
clflush size	: 64
cache_alignment	: 64
address sizes	: 39 bits physical, 48 bits virtual
power management:

processor	: 2
vendor_id	: GenuineIntel
cpu family	: 6
model		: 69
model name	: Intel(R) Core(TM) i3-4030U CPU @ 1.90GHz
stepping	: 1
microcode	: 0x24
cpu MHz		: 1895.568
cache size	: 3072 KB
physical id	: 0
siblings	: 4
core id		: 1
cpu cores	: 2
apicid		: 2
initial apicid	: 2
fpu		: yes
fpu_exception	: yes
cpuid level	: 13
wp		: yes
flags		: fpu vme de pse tsc msr pae mce cx8 apic sep mtrr pge mca cmov pat pse36 clflush dts acpi mmx fxsr sse sse2 ss ht tm pbe syscall nx pdpe1gb rdtscp lm constant_tsc arch_perfmon pebs bts rep_good nopl xtopology nonstop_tsc cpuid aperfmperf pni pclmulqdq dtes64 monitor ds_cpl vmx est tm2 ssse3 sdbg fma cx16 xtpr pdcm pcid sse4_1 sse4_2 x2apic movbe popcnt tsc_deadline_timer aes xsave avx f16c rdrand lahf_lm abm cpuid_fault epb invpcid_single pti ssbd ibrs ibpb stibp tpr_shadow vnmi flexpriority ept vpid fsgsbase tsc_adjust bmi1 avx2 smep bmi2 erms invpcid xsaveopt dtherm ida arat pln pts flush_l1d
bugs		: cpu_meltdown spectre_v1 spectre_v2 spec_store_bypass l1tf
bogomips	: 3791.14
clflush size	: 64
cache_alignment	: 64
address sizes	: 39 bits physical, 48 bits virtual
power management:

processor	: 3
vendor_id	: GenuineIntel
cpu family	: 6
model		: 69
model name	: Intel(R) Core(TM) i3-4030U CPU @ 1.90GHz
stepping	: 1
microcode	: 0x24
cpu MHz		: 1895.552
cache size	: 3072 KB
physical id	: 0
siblings	: 4
core id		: 1
cpu cores	: 2
apicid		: 3
initial apicid	: 3
fpu		: yes
fpu_exception	: yes
cpuid level	: 13
wp		: yes
flags		: fpu vme de pse tsc msr pae mce cx8 apic sep mtrr pge mca cmov pat pse36 clflush dts acpi mmx fxsr sse sse2 ss ht tm pbe syscall nx pdpe1gb rdtscp lm constant_tsc arch_perfmon pebs bts rep_good nopl xtopology nonstop_tsc cpuid aperfmperf pni pclmulqdq dtes64 monitor ds_cpl vmx est tm2 ssse3 sdbg fma cx16 xtpr pdcm pcid sse4_1 sse4_2 x2apic movbe popcnt tsc_deadline_timer aes xsave avx f16c rdrand lahf_lm abm cpuid_fault epb invpcid_single pti ssbd ibrs ibpb stibp tpr_shadow vnmi flexpriority ept vpid fsgsbase tsc_adjust bmi1 avx2 smep bmi2 erms invpcid xsaveopt dtherm ida arat pln pts flush_l1d
bugs		: cpu_meltdown spectre_v1 spectre_v2 spec_store_bypass l1tf
bogomips	: 3791.14
clflush size	: 64
cache_alignment	: 64
address sizes	: 39 bits physical, 48 bits virtual
power management:



Memory: 4k page, physical 3944692k(110996k free), swap 2097148k(0k free)

vm_info: Java HotSpot(TM) 64-Bit Server VM (25.181-b13) for linux-amd64 JRE (1.8.0_181-b13), built on Jul  7 2018 00:56:38 by "java_re" with gcc 4.3.0 20080428 (Red Hat 4.3.0-8)

time: Sat Oct 27 03:33:44 2018
elapsed time: 6 seconds (0d 0h 0m 6s)

